<?xml version="1.0" encoding="UTF-8"?>
<testsuite xmlns:xsi="http://www.w3.org/2001/XMLSchema-instance" xsi:noNamespaceSchemaLocation="https://maven.apache.org/surefire/maven-surefire-plugin/xsd/surefire-test-report.xsd" name="com.nttdata.microservice.bankcreditaccounts.controllers.CreditControllerTest" time="10.377" tests="6" errors="0" skipped="0" failures="0">
  <properties>
[...]
</properties>
  <testcase name="saveCreditCardPersonal" classname="com.nttdata.microservice.bankcreditaccounts.controllers.CreditControllerTest" time="0.028"/>
  <testcase name="checkIfHaveDebt" classname="com.nttdata.microservice.bankcreditaccounts.controllers.CreditControllerTest" time="0.004"/>
  <testcase name="saveCreditEnterprise" classname="com.nttdata.microservice.bankcreditaccounts.controllers.CreditControllerTest" time="0.003"/>
  <testcase name="saveCreditCardEnterprise" classname="com.nttdata.microservice.bankcreditaccounts.controllers.CreditControllerTest" time="0.005"/>
  <testcase name="saveCreditPersonal" classname="com.nttdata.microservice.bankcreditaccounts.controllers.CreditControllerTest" time="0.004"/>
  <testcase name="checkIfHaveCreditCard" classname="com.nttdata.microservice.bankcreditaccounts.controllers.CreditControllerTest" time="0.004"/>
</testsuite>